<?xml version="1.0" encoding="UTF-8"?>
<!-- Generated by org.testng.reporters.JUnitReportReporter -->
<testsuite hostname="DESKTOP-CFS2EAU" failures="0" tests="3" name="testScriptRepo.Test_004" time="62.623" errors="0" timestamp="2025-03-29T20:09:48 IST" skipped="0">
  <testcase classname="testScriptRepo.Test_004" name="createProduct" time="23.722"/>
  <system-out/>
  <testcase classname="testScriptRepo.Test_004" name="getDataPrint" time="21.380"/>
  <system-out/>
  <testcase classname="testScriptRepo.Test_004" name="getDataPrint" time="17.521"/>
  <system-out/>
</testsuite> <!-- testScriptRepo.Test_004 -->
