<?xml version="1.0" encoding="UTF-8"?>
<!-- Generated by org.testng.reporters.JUnitReportReporter -->
<testsuite hostname="DESKTOP-CFS2EAU" failures="0" tests="2" name="testScriptRepo.TC_003" time="48.882" errors="0" timestamp="2025-03-24T19:43:05 IST" skipped="0">
  <testcase classname="testScriptRepo.TC_003" name="createContact_001" time="26.353"/>
  <system-out>
    <![CDATA[✅ createContact_001 Test Started Successfully 
✅ Test Exceution Ended Successfully
✅ createContact_001 Test Executed Successfully ]]>
  </system-out>
  <testcase classname="testScriptRepo.TC_003" name="createContact_001" time="22.529"/>
  <system-out>
    <![CDATA[✅ createContact_001 Test Started Successfully 
✅ Test Exceution Ended Successfully
✅ createContact_001 Test Executed Successfully ]]>
  </system-out>
</testsuite> <!-- testScriptRepo.TC_003 -->
