<?xml version="1.0" encoding="UTF-8"?>
<!-- Generated by org.testng.reporters.JUnitReportReporter -->
<testsuite hostname="DESKTOP-CFS2EAU" failures="0" tests="3" name="testScriptRepo.Test_004" time="55.174" errors="0" timestamp="2025-04-05T13:01:48 IST" skipped="0">
  <testcase classname="testScriptRepo.Test_004" name="getDataPrint" time="16.896"/>
  <system-out/>
  <testcase classname="testScriptRepo.Test_004" name="getDataPrint" time="16.426"/>
  <system-out/>
  <testcase classname="testScriptRepo.Test_004" name="createProduct" time="21.852"/>
  <system-out/>
</testsuite> <!-- testScriptRepo.Test_004 -->
