<?xml version="1.0" encoding="UTF-8"?>
<!-- Generated by org.testng.reporters.JUnitReportReporter -->
<testsuite hostname="DESKTOP-CFS2EAU" failures="0" tests="2" name="testScriptRepo.TC_002" time="59.086" errors="0" timestamp="2025-03-22T10:52:13 IST" skipped="1">
  <testcase classname="testScriptRepo.TC_002" name="createCampaign_002" time="20.193"/>
  <system-out>
    <![CDATA[✅ createCampaign_002 Test Started Successfully 
✅ createCampaign_002 Test Executed Successfully ]]>
  </system-out>
  <testcase classname="testScriptRepo.TC_002" name="createCampaign_002" time="38.893">
    <skipped/>
  </testcase> <!-- createCampaign_002 -->
  <system-out>
    <![CDATA[✅ createCampaign_002 Test Started Successfully 
⚠️ Retry AnalyserStarted
createCampaign_002 Test Skipped...]]>
  </system-out>
</testsuite> <!-- testScriptRepo.TC_002 -->
