<?xml version="1.0" encoding="UTF-8"?>
<!-- Generated by org.testng.reporters.JUnitReportReporter -->
<testsuite hostname="DESKTOP-CFS2EAU" failures="0" tests="2" name="testScriptRepo.Test_001" time="39.158" errors="0" timestamp="2025-03-25T20:25:55 IST" skipped="0">
  <testcase classname="testScriptRepo.Test_001" name="createCampaign_001" time="21.588"/>
  <system-out/>
  <testcase classname="testScriptRepo.Test_001" name="a1" time="17.570"/>
  <system-out/>
</testsuite> <!-- testScriptRepo.Test_001 -->
