<?xml version="1.0" encoding="UTF-8"?>
<!-- Generated by org.testng.reporters.JUnitReportReporter -->
<testsuite hostname="DESKTOP-CFS2EAU" failures="0" tests="3" name="testScriptRepo.Test_004" time="54.555" errors="0" timestamp="2025-03-26T22:07:38 IST" skipped="0">
  <testcase classname="testScriptRepo.Test_004" name="getDataPrint" time="16.620"/>
  <system-out>
    <![CDATA[✅ testScriptRepo.Test_004.getDataPrint Test Started Successfully 
✅ getDataPrint Test Executed Successfully ]]>
  </system-out>
  <testcase classname="testScriptRepo.Test_004" name="getDataPrint" time="16.634"/>
  <system-out>
    <![CDATA[✅ testScriptRepo.Test_004.getDataPrint Test Started Successfully 
✅ getDataPrint Test Executed Successfully ]]>
  </system-out>
  <testcase classname="testScriptRepo.Test_004" name="createProduct" time="21.301"/>
  <system-out>
    <![CDATA[✅ testScriptRepo.Test_004.createProduct Test Started Successfully 
✅ createProduct Test Executed Successfully ]]>
  </system-out>
</testsuite> <!-- testScriptRepo.Test_004 -->
