<?xml version="1.0" encoding="UTF-8"?>
<!-- Generated by org.testng.reporters.JUnitReportReporter -->
<testsuite hostname="DESKTOP-CFS2EAU" failures="0" tests="1" name="testScriptRepo.Test_002" time="22.929" errors="0" timestamp="2025-03-29T20:09:48 IST" skipped="0">
  <testcase classname="testScriptRepo.Test_002" name="createCampaign_002" time="22.929"/>
  <system-out/>
</testsuite> <!-- testScriptRepo.Test_002 -->
