<?xml version="1.0" encoding="UTF-8"?>
<!-- Generated by org.testng.reporters.JUnitReportReporter -->
<testsuite hostname="DESKTOP-CFS2EAU" failures="0" tests="1" name="testScriptRepo.TC_004" time="33.160" errors="0" timestamp="2025-03-22T10:52:13 IST" skipped="0">
  <testcase classname="testScriptRepo.TC_004" name="createProduct" time="33.160"/>
  <system-out>
    <![CDATA[✅ createProduct Test Started Successfully 
✅ createProduct Test Executed Successfully ]]>
  </system-out>
</testsuite> <!-- testScriptRepo.TC_004 -->
