<?xml version="1.0" encoding="UTF-8"?>
<!-- Generated by org.testng.reporters.JUnitReportReporter -->
<testsuite hostname="DESKTOP-CFS2EAU" failures="0" tests="1" name="testScriptRepo.TC_001" time="32.427" errors="0" timestamp="2025-03-22T10:52:13 IST" skipped="0">
  <testcase classname="testScriptRepo.TC_001" name="createCampaign_001" time="32.427"/>
  <system-out>
    <![CDATA[✅ createCampaign_001 Test Started Successfully 
✅ createCampaign_001 Test Executed Successfully ]]>
  </system-out>
</testsuite> <!-- testScriptRepo.TC_001 -->
