<?xml version="1.0" encoding="UTF-8"?>
<!-- Generated by org.testng.reporters.JUnitReportReporter -->
<testsuite hostname="DESKTOP-CFS2EAU" failures="0" tests="2" name="testScriptRepo.Test_003" time="47.171" errors="0" timestamp="2025-03-25T20:37:18 IST" skipped="0">
  <testcase classname="testScriptRepo.Test_003" name="createContact_001" time="23.076"/>
  <system-out>
    <![CDATA[✅ createContact_001 Test Started Successfully 
✅ Test Exceution Ended Successfully
✅ createContact_001 Test Executed Successfully ]]>
  </system-out>
  <testcase classname="testScriptRepo.Test_003" name="createContact_001" time="24.095"/>
  <system-out>
    <![CDATA[✅ createContact_001 Test Started Successfully 
✅ Test Exceution Ended Successfully
✅ createContact_001 Test Executed Successfully ]]>
  </system-out>
</testsuite> <!-- testScriptRepo.Test_003 -->
