<?xml version="1.0" encoding="UTF-8"?>
<!-- Generated by org.testng.reporters.JUnitReportReporter -->
<testsuite hostname="DESKTOP-CFS2EAU" failures="0" tests="2" name="testScriptRepo.Test_003" time="45.883" errors="0" timestamp="2025-03-29T20:20:07 IST" skipped="0">
  <testcase classname="testScriptRepo.Test_003" name="createContact_001" time="23.149"/>
  <system-out>
    <![CDATA[✅ testScriptRepo.Test_003.createContact_001 Test Started Successfully 
✅ Test Exceution Ended Successfully
✅ createContact_001 Test Executed Successfully ]]>
  </system-out>
  <testcase classname="testScriptRepo.Test_003" name="createContact_001" time="22.734"/>
  <system-out>
    <![CDATA[✅ testScriptRepo.Test_003.createContact_001 Test Started Successfully 
✅ Test Exceution Ended Successfully
✅ createContact_001 Test Executed Successfully ]]>
  </system-out>
</testsuite> <!-- testScriptRepo.Test_003 -->
