<?xml version="1.0" encoding="UTF-8"?>
<!-- Generated by org.testng.reporters.JUnitReportReporter -->
<testsuite hostname="DESKTOP-CFS2EAU" failures="0" tests="1" name="testScriptRepo.Test_001" time="24.320" errors="0" timestamp="2025-03-26T19:18:07 IST" skipped="0">
  <testcase classname="testScriptRepo.Test_001" name="createCampaign_001" time="24.320"/>
  <system-out>
    <![CDATA[✅ createCampaign_001 Test Started Successfully of class:testScriptRepo.Test_001.createCampaign_001
✅ createCampaign_001 Test Executed Successfully ]]>
  </system-out>
</testsuite> <!-- testScriptRepo.Test_001 -->
