<?xml version="1.0" encoding="UTF-8"?>
<!-- Generated by org.testng.reporters.JUnitReportReporter -->
<testsuite hostname="DESKTOP-CFS2EAU" failures="0" tests="2" name="sampleTestExecution.DataProviderLoginExample" time="46.997" errors="0" timestamp="2025-03-23T18:15:41 IST" skipped="0">
  <testcase classname="sampleTestExecution.DataProviderLoginExample" name="loginToShopperAndLogout" time="23.478"/>
  <system-out/>
  <testcase classname="sampleTestExecution.DataProviderLoginExample" name="loginToShopperAndLogout" time="23.519"/>
  <system-out/>
</testsuite> <!-- sampleTestExecution.DataProviderLoginExample -->
