<?xml version="1.0" encoding="UTF-8"?>
<!-- Generated by org.testng.reporters.JUnitReportReporter -->
<testsuite hostname="DESKTOP-CFS2EAU" failures="0" tests="113" name="sampleDataProvider.DataProviderClass" time="0.445" errors="0" timestamp="2025-04-16T14:58:27 IST" skipped="0">
  <testcase classname="sampleDataProvider.DataProviderClass" name="getExcelDataFromDataProvider" time="0.002"/>
  <system-out/>
  <testcase classname="sampleDataProvider.DataProviderClass" name="getExcelDataFromDataProvider" time="0.002"/>
  <system-out/>
  <testcase classname="sampleDataProvider.DataProviderClass" name="getExcelDataFromDataProvider" time="0.002"/>
  <system-out/>
  <testcase classname="sampleDataProvider.DataProviderClass" name="getExcelDataFromDataProvider" time="0.003"/>
  <system-out/>
  <testcase classname="sampleDataProvider.DataProviderClass" name="getExcelDataFromDataProvider" time="0.003"/>
  <system-out/>
  <testcase classname="sampleDataProvider.DataProviderClass" name="getExcelDataFromDataProvider" time="0.002"/>
  <system-out/>
  <testcase classname="sampleDataProvider.DataProviderClass" name="getExcelDataFromDataProvider" time="0.002"/>
  <system-out/>
  <testcase classname="sampleDataProvider.DataProviderClass" name="getExcelDataFromDataProvider" time="0.002"/>
  <system-out/>
  <testcase classname="sampleDataProvider.DataProviderClass" name="getExcelDataFromDataProvider" time="0.002"/>
  <system-out/>
  <testcase classname="sampleDataProvider.DataProviderClass" name="getExcelDataFromDataProvider" time="0.002"/>
  <system-out/>
  <testcase classname="sampleDataProvider.DataProviderClass" name="getExcelDataFromDataProvider" time="0.002"/>
  <system-out/>
  <testcase classname="sampleDataProvider.DataProviderClass" name="getExcelDataFromDataProvider" time="0.002"/>
  <system-out/>
  <testcase classname="sampleDataProvider.DataProviderClass" name="getExcelDataFromDataProvider" time="0.003"/>
  <system-out/>
  <testcase classname="sampleDataProvider.DataProviderClass" name="getExcelDataFromDataProvider" time="0.001"/>
  <system-out/>
  <testcase classname="sampleDataProvider.DataProviderClass" name="getExcelDataFromDataProvider" time="0.006"/>
  <system-out/>
  <testcase classname="sampleDataProvider.DataProviderClass" name="getExcelDataFromDataProvider" time="0.002"/>
  <system-out/>
  <testcase classname="sampleDataProvider.DataProviderClass" name="getExcelDataFromDataProvider" time="0.001"/>
  <system-out/>
  <testcase classname="sampleDataProvider.DataProviderClass" name="getExcelDataFromDataProvider" time="0.006"/>
  <system-out/>
  <testcase classname="sampleDataProvider.DataProviderClass" name="getExcelDataFromDataProvider" time="0.002"/>
  <system-out/>
  <testcase classname="sampleDataProvider.DataProviderClass" name="getExcelDataFromDataProvider" time="0.003"/>
  <system-out/>
  <testcase classname="sampleDataProvider.DataProviderClass" name="getExcelDataFromDataProvider" time="0.002"/>
  <system-out/>
  <testcase classname="sampleDataProvider.DataProviderClass" name="getExcelDataFromDataProvider" time="0.014"/>
  <system-out/>
  <testcase classname="sampleDataProvider.DataProviderClass" name="getExcelDataFromDataProvider" time="0.010"/>
  <system-out/>
  <testcase classname="sampleDataProvider.DataProviderClass" name="getExcelDataFromDataProvider" time="0.002"/>
  <system-out/>
  <testcase classname="sampleDataProvider.DataProviderClass" name="getExcelDataFromDataProvider" time="0.001"/>
  <system-out/>
  <testcase classname="sampleDataProvider.DataProviderClass" name="getExcelDataFromDataProvider" time="0.028"/>
  <system-out/>
  <testcase classname="sampleDataProvider.DataProviderClass" name="getExcelDataFromDataProvider" time="0.006"/>
  <system-out/>
  <testcase classname="sampleDataProvider.DataProviderClass" name="getExcelDataFromDataProvider" time="0.005"/>
  <system-out/>
  <testcase classname="sampleDataProvider.DataProviderClass" name="getExcelDataFromDataProvider" time="0.001"/>
  <system-out/>
  <testcase classname="sampleDataProvider.DataProviderClass" name="getExcelDataFromDataProvider" time="0.010"/>
  <system-out/>
  <testcase classname="sampleDataProvider.DataProviderClass" name="getExcelDataFromDataProvider" time="0.002"/>
  <system-out/>
  <testcase classname="sampleDataProvider.DataProviderClass" name="getExcelDataFromDataProvider" time="0.003"/>
  <system-out/>
  <testcase classname="sampleDataProvider.DataProviderClass" name="getExcelDataFromDataProvider" time="0.002"/>
  <system-out/>
  <testcase classname="sampleDataProvider.DataProviderClass" name="getExcelDataFromDataProvider" time="0.004"/>
  <system-out/>
  <testcase classname="sampleDataProvider.DataProviderClass" name="getExcelDataFromDataProvider" time="0.001"/>
  <system-out/>
  <testcase classname="sampleDataProvider.DataProviderClass" name="getExcelDataFromDataProvider" time="0.038"/>
  <system-out/>
  <testcase classname="sampleDataProvider.DataProviderClass" name="getExcelDataFromDataProvider" time="0.001"/>
  <system-out/>
  <testcase classname="sampleDataProvider.DataProviderClass" name="getExcelDataFromDataProvider" time="0.002"/>
  <system-out/>
  <testcase classname="sampleDataProvider.DataProviderClass" name="getExcelDataFromDataProvider" time="0.011"/>
  <system-out/>
  <testcase classname="sampleDataProvider.DataProviderClass" name="getExcelDataFromDataProvider" time="0.008"/>
  <system-out/>
  <testcase classname="sampleDataProvider.DataProviderClass" name="getExcelDataFromDataProvider" time="0.009"/>
  <system-out/>
  <testcase classname="sampleDataProvider.DataProviderClass" name="getExcelDataFromDataProvider" time="0.001"/>
  <system-out/>
  <testcase classname="sampleDataProvider.DataProviderClass" name="getExcelDataFromDataProvider" time="0.002"/>
  <system-out/>
  <testcase classname="sampleDataProvider.DataProviderClass" name="getExcelDataFromDataProvider" time="0.001"/>
  <system-out/>
  <testcase classname="sampleDataProvider.DataProviderClass" name="getExcelDataFromDataProvider" time="0.004"/>
  <system-out/>
  <testcase classname="sampleDataProvider.DataProviderClass" name="getExcelDataFromDataProvider" time="0.002"/>
  <system-out/>
  <testcase classname="sampleDataProvider.DataProviderClass" name="getExcelDataFromDataProvider" time="0.001"/>
  <system-out/>
  <testcase classname="sampleDataProvider.DataProviderClass" name="getExcelDataFromDataProvider" time="0.004"/>
  <system-out/>
  <testcase classname="sampleDataProvider.DataProviderClass" name="getExcelDataFromDataProvider" time="0.002"/>
  <system-out/>
  <testcase classname="sampleDataProvider.DataProviderClass" name="getExcelDataFromDataProvider" time="0.004"/>
  <system-out/>
  <testcase classname="sampleDataProvider.DataProviderClass" name="getExcelDataFromDataProvider" time="0.006"/>
  <system-out/>
  <testcase classname="sampleDataProvider.DataProviderClass" name="getExcelDataFromDataProvider" time="0.004"/>
  <system-out/>
  <testcase classname="sampleDataProvider.DataProviderClass" name="getExcelDataFromDataProvider" time="0.004"/>
  <system-out/>
  <testcase classname="sampleDataProvider.DataProviderClass" name="getExcelDataFromDataProvider" time="0.001"/>
  <system-out/>
  <testcase classname="sampleDataProvider.DataProviderClass" name="getExcelDataFromDataProvider" time="0.002"/>
  <system-out/>
  <testcase classname="sampleDataProvider.DataProviderClass" name="getExcelDataFromDataProvider" time="0.001"/>
  <system-out/>
  <testcase classname="sampleDataProvider.DataProviderClass" name="getExcelDataFromDataProvider" time="0.002"/>
  <system-out/>
  <testcase classname="sampleDataProvider.DataProviderClass" name="getExcelDataFromDataProvider" time="0.002"/>
  <system-out/>
  <testcase classname="sampleDataProvider.DataProviderClass" name="getExcelDataFromDataProvider" time="0.002"/>
  <system-out/>
  <testcase classname="sampleDataProvider.DataProviderClass" name="getExcelDataFromDataProvider" time="0.001"/>
  <system-out/>
  <testcase classname="sampleDataProvider.DataProviderClass" name="getExcelDataFromDataProvider" time="0.001"/>
  <system-out/>
  <testcase classname="sampleDataProvider.DataProviderClass" name="getExcelDataFromDataProvider" time="0.001"/>
  <system-out/>
  <testcase classname="sampleDataProvider.DataProviderClass" name="getExcelDataFromDataProvider" time="0.001"/>
  <system-out/>
  <testcase classname="sampleDataProvider.DataProviderClass" name="getExcelDataFromDataProvider" time="0.006"/>
  <system-out/>
  <testcase classname="sampleDataProvider.DataProviderClass" name="getExcelDataFromDataProvider" time="0.001"/>
  <system-out/>
  <testcase classname="sampleDataProvider.DataProviderClass" name="getExcelDataFromDataProvider" time="0.002"/>
  <system-out/>
  <testcase classname="sampleDataProvider.DataProviderClass" name="getExcelDataFromDataProvider" time="0.001"/>
  <system-out/>
  <testcase classname="sampleDataProvider.DataProviderClass" name="getExcelDataFromDataProvider" time="0.001"/>
  <system-out/>
  <testcase classname="sampleDataProvider.DataProviderClass" name="getExcelDataFromDataProvider" time="0.017"/>
  <system-out/>
  <testcase classname="sampleDataProvider.DataProviderClass" name="getExcelDataFromDataProvider" time="0.002"/>
  <system-out/>
  <testcase classname="sampleDataProvider.DataProviderClass" name="getExcelDataFromDataProvider" time="0.002"/>
  <system-out/>
  <testcase classname="sampleDataProvider.DataProviderClass" name="getExcelDataFromDataProvider" time="0.001"/>
  <system-out/>
  <testcase classname="sampleDataProvider.DataProviderClass" name="getExcelDataFromDataProvider" time="0.002"/>
  <system-out/>
  <testcase classname="sampleDataProvider.DataProviderClass" name="getExcelDataFromDataProvider" time="0.001"/>
  <system-out/>
  <testcase classname="sampleDataProvider.DataProviderClass" name="getExcelDataFromDataProvider" time="0.003"/>
  <system-out/>
  <testcase classname="sampleDataProvider.DataProviderClass" name="getExcelDataFromDataProvider" time="0.057"/>
  <system-out/>
  <testcase classname="sampleDataProvider.DataProviderClass" name="getExcelDataFromDataProvider" time="0.002"/>
  <system-out/>
  <testcase classname="sampleDataProvider.DataProviderClass" name="getExcelDataFromDataProvider" time="0.001"/>
  <system-out/>
  <testcase classname="sampleDataProvider.DataProviderClass" name="getExcelDataFromDataProvider" time="0.001"/>
  <system-out/>
  <testcase classname="sampleDataProvider.DataProviderClass" name="getExcelDataFromDataProvider" time="0.006"/>
  <system-out/>
  <testcase classname="sampleDataProvider.DataProviderClass" name="getExcelDataFromDataProvider" time="0.002"/>
  <system-out/>
  <testcase classname="sampleDataProvider.DataProviderClass" name="getExcelDataFromDataProvider" time="0.001"/>
  <system-out/>
  <testcase classname="sampleDataProvider.DataProviderClass" name="getExcelDataFromDataProvider" time="0.001"/>
  <system-out/>
  <testcase classname="sampleDataProvider.DataProviderClass" name="getExcelDataFromDataProvider" time="0.005"/>
  <system-out/>
  <testcase classname="sampleDataProvider.DataProviderClass" name="getExcelDataFromDataProvider" time="0.003"/>
  <system-out/>
  <testcase classname="sampleDataProvider.DataProviderClass" name="getExcelDataFromDataProvider" time="0.010"/>
  <system-out/>
  <testcase classname="sampleDataProvider.DataProviderClass" name="getExcelDataFromDataProvider" time="0.002"/>
  <system-out/>
  <testcase classname="sampleDataProvider.DataProviderClass" name="getExcelDataFromDataProvider" time="0.003"/>
  <system-out/>
  <testcase classname="sampleDataProvider.DataProviderClass" name="getExcelDataFromDataProvider" time="0.005"/>
  <system-out/>
  <testcase classname="sampleDataProvider.DataProviderClass" name="getExcelDataFromDataProvider" time="0.003"/>
  <system-out/>
  <testcase classname="sampleDataProvider.DataProviderClass" name="getExcelDataFromDataProvider" time="0.001"/>
  <system-out/>
  <testcase classname="sampleDataProvider.DataProviderClass" name="getExcelDataFromDataProvider" time="0.005"/>
  <system-out/>
  <testcase classname="sampleDataProvider.DataProviderClass" name="getExcelDataFromDataProvider" time="0.002"/>
  <system-out/>
  <testcase classname="sampleDataProvider.DataProviderClass" name="getExcelDataFromDataProvider" time="0.001"/>
  <system-out/>
  <testcase classname="sampleDataProvider.DataProviderClass" name="getExcelDataFromDataProvider" time="0.001"/>
  <system-out/>
  <testcase classname="sampleDataProvider.DataProviderClass" name="getExcelDataFromDataProvider" time="0.003"/>
  <system-out/>
  <testcase classname="sampleDataProvider.DataProviderClass" name="getExcelDataFromDataProvider" time="0.001"/>
  <system-out/>
  <testcase classname="sampleDataProvider.DataProviderClass" name="getExcelDataFromDataProvider" time="0.002"/>
  <system-out/>
  <testcase classname="sampleDataProvider.DataProviderClass" name="getExcelDataFromDataProvider" time="0.001"/>
  <system-out/>
  <testcase classname="sampleDataProvider.DataProviderClass" name="getExcelDataFromDataProvider" time="0.001"/>
  <system-out/>
  <testcase classname="sampleDataProvider.DataProviderClass" name="getExcelDataFromDataProvider" time="0.001"/>
  <system-out/>
  <testcase classname="sampleDataProvider.DataProviderClass" name="getExcelDataFromDataProvider" time="0.002"/>
  <system-out/>
  <testcase classname="sampleDataProvider.DataProviderClass" name="getExcelDataFromDataProvider" time="0.006"/>
  <system-out/>
  <testcase classname="sampleDataProvider.DataProviderClass" name="getExcelDataFromDataProvider" time="0.001"/>
  <system-out/>
  <testcase classname="sampleDataProvider.DataProviderClass" name="getExcelDataFromDataProvider" time="0.001"/>
  <system-out/>
  <testcase classname="sampleDataProvider.DataProviderClass" name="getExcelDataFromDataProvider" time="0.001"/>
  <system-out/>
  <testcase classname="sampleDataProvider.DataProviderClass" name="getExcelDataFromDataProvider" time="0.001"/>
  <system-out/>
  <testcase classname="sampleDataProvider.DataProviderClass" name="getExcelDataFromDataProvider" time="0.007"/>
  <system-out/>
  <testcase classname="sampleDataProvider.DataProviderClass" name="getExcelDataFromDataProvider" time="0.003"/>
  <system-out/>
  <testcase classname="sampleDataProvider.DataProviderClass" name="getExcelDataFromDataProvider" time="0.001"/>
  <system-out/>
  <testcase classname="sampleDataProvider.DataProviderClass" name="getExcelDataFromDataProvider" time="0.001"/>
  <system-out/>
  <testcase classname="sampleDataProvider.DataProviderClass" name="getExcelDataFromDataProvider" time="0.001"/>
  <system-out/>
  <testcase classname="sampleDataProvider.DataProviderClass" name="getExcelDataFromDataProvider" time="0.001"/>
  <system-out/>
</testsuite> <!-- sampleDataProvider.DataProviderClass -->
