<?xml version="1.0" encoding="UTF-8"?>
<!-- Generated by org.testng.reporters.JUnitReportReporter -->
<testsuite hostname="DESKTOP-CFS2EAU" failures="0" tests="2" name="testScriptRepo.Test_003" time="53.276" errors="0" timestamp="2025-04-05T13:00:19 IST" skipped="0">
  <testcase classname="testScriptRepo.Test_003" name="createContact_001" time="26.052"/>
  <system-out>
    <![CDATA[✅ testScriptRepo.Test_003.createContact_001 Test Started Successfully 
✅ Test Exceution Ended Successfully
✅ createContact_001 Test Executed Successfully ]]>
  </system-out>
  <testcase classname="testScriptRepo.Test_003" name="createContact_001" time="27.224"/>
  <system-out>
    <![CDATA[✅ testScriptRepo.Test_003.createContact_001 Test Started Successfully 
✅ Test Exceution Ended Successfully
✅ createContact_001 Test Executed Successfully ]]>
  </system-out>
</testsuite> <!-- testScriptRepo.Test_003 -->
