<?xml version="1.0" encoding="UTF-8"?>
<!-- Generated by org.testng.reporters.JUnitReportReporter -->
<testsuite hostname="DESKTOP-CFS2EAU" failures="0" tests="3" name="testScriptRepo.Test_004" time="58.558" errors="0" timestamp="2025-03-25T22:50:35 IST" skipped="0">
  <testcase classname="testScriptRepo.Test_004" name="getDataPrint" time="16.915"/>
  <system-out>
    <![CDATA[✅ getDataPrint Test Started Successfully 
✅ getDataPrint Test Executed Successfully ]]>
  </system-out>
  <testcase classname="testScriptRepo.Test_004" name="createProduct" time="25.145"/>
  <system-out>
    <![CDATA[✅ createProduct Test Started Successfully 
✅ createProduct Test Executed Successfully ]]>
  </system-out>
  <testcase classname="testScriptRepo.Test_004" name="getDataPrint" time="16.498"/>
  <system-out>
    <![CDATA[✅ getDataPrint Test Started Successfully 
✅ getDataPrint Test Executed Successfully ]]>
  </system-out>
</testsuite> <!-- testScriptRepo.Test_004 -->
