<?xml version="1.0" encoding="UTF-8"?>
<!-- Generated by org.testng.reporters.JUnitReportReporter -->
<testsuite hostname="DESKTOP-CFS2EAU" failures="0" tests="1" name="testScriptRepo.Test_001" time="22.517" errors="0" timestamp="2025-03-26T20:30:59 IST" skipped="0">
  <testcase classname="testScriptRepo.Test_001" name="createCampaign_001" time="22.517"/>
  <system-out>
    <![CDATA[✅ testScriptRepo.Test_001.createCampaign_001 Test Started Successfully 
✅ createCampaign_001 Test Executed Successfully ]]>
  </system-out>
</testsuite> <!-- testScriptRepo.Test_001 -->
