<?xml version="1.0" encoding="UTF-8"?>
<!-- Generated by org.testng.reporters.JUnitReportReporter -->
<testsuite hostname="DESKTOP-CFS2EAU" failures="0" tests="1" name="testScriptRepo.Test_002" time="21.517" errors="0" timestamp="2025-04-05T13:01:48 IST" skipped="0">
  <testcase classname="testScriptRepo.Test_002" name="createCampaign_002" time="21.517"/>
  <system-out/>
</testsuite> <!-- testScriptRepo.Test_002 -->
